<?xml version="1.0" encoding="UTF-8"?>
<!-- Generated by org.testng.reporters.JUnitReportReporter -->
<testsuite hostname="rajhansji" failures="0" tests="2" name="veeru.testScript_01" time="0.028" errors="0" timestamp="05 Apr 2023 09:42:57 GMT" skipped="0">
  <testcase classname="veeru.testScript_01" name="demo" time="0.003"/>
  <testcase classname="veeru.testScript_01" name="Mango" time="0.025"/>
</testsuite> <!-- veeru.testScript_01 -->
